[26-Jul-2022 06:12:14 Europe/Berlin] Hello, errors!
[26-Jul-2022 06:12:17 Europe/Berlin] Hello, errors!
[26-Jul-2022 06:12:23 Europe/Berlin] Hello, errors!
[26-Jul-2022 06:12:23 Europe/Berlin] Hello, errors!
[26-Jul-2022 06:12:31 Europe/Berlin] Hello, errors!
[26-Jul-2022 06:12:34 Europe/Berlin] Hello, errors!
[26-Jul-2022 11:12:34 Asia/Jakarta] PHP Warning:  number_format() expects parameter 1 to be float, string given in /Volumes/DATA/Projects/Jajan/Pak Ripin/htd-php-boilerplate/templates/kegiatan/cetak.php on line 34
[26-Jul-2022 11:12:34 Asia/Jakarta] PHP Warning:  number_format() expects parameter 1 to be float, string given in /Volumes/DATA/Projects/Jajan/Pak Ripin/htd-php-boilerplate/templates/kegiatan/cetak.php on line 34
[26-Jul-2022 11:12:34 Asia/Jakarta] PHP Warning:  number_format() expects parameter 1 to be float, string given in /Volumes/DATA/Projects/Jajan/Pak Ripin/htd-php-boilerplate/templates/kegiatan/cetak.php on line 34
[26-Jul-2022 11:12:35 Asia/Jakarta] PHP Warning:  number_format() expects parameter 1 to be float, string given in /Volumes/DATA/Projects/Jajan/Pak Ripin/htd-php-boilerplate/templates/kegiatan/cetak.php on line 34
[26-Jul-2022 11:12:35 Asia/Jakarta] PHP Warning:  number_format() expects parameter 1 to be float, string given in /Volumes/DATA/Projects/Jajan/Pak Ripin/htd-php-boilerplate/templates/kegiatan/cetak.php on line 34
[26-Jul-2022 11:12:35 Asia/Jakarta] PHP Warning:  number_format() expects parameter 1 to be float, string given in /Volumes/DATA/Projects/Jajan/Pak Ripin/htd-php-boilerplate/templates/kegiatan/cetak.php on line 34
[26-Jul-2022 11:12:35 Asia/Jakarta] PHP Warning:  number_format() expects parameter 1 to be float, string given in /Volumes/DATA/Projects/Jajan/Pak Ripin/htd-php-boilerplate/templates/kegiatan/cetak.php on line 34
[26-Jul-2022 11:12:35 Asia/Jakarta] PHP Warning:  number_format() expects parameter 1 to be float, string given in /Volumes/DATA/Projects/Jajan/Pak Ripin/htd-php-boilerplate/templates/kegiatan/cetak.php on line 34
[26-Jul-2022 11:12:35 Asia/Jakarta] PHP Warning:  number_format() expects parameter 1 to be float, string given in /Volumes/DATA/Projects/Jajan/Pak Ripin/htd-php-boilerplate/templates/kegiatan/cetak.php on line 34
[26-Jul-2022 11:12:35 Asia/Jakarta] PHP Warning:  number_format() expects parameter 1 to be float, string given in /Volumes/DATA/Projects/Jajan/Pak Ripin/htd-php-boilerplate/templates/kegiatan/cetak.php on line 34
[26-Jul-2022 11:12:35 Asia/Jakarta] PHP Warning:  number_format() expects parameter 1 to be float, string given in /Volumes/DATA/Projects/Jajan/Pak Ripin/htd-php-boilerplate/templates/kegiatan/cetak.php on line 34
[26-Jul-2022 11:12:35 Asia/Jakarta] PHP Warning:  number_format() expects parameter 1 to be float, string given in /Volumes/DATA/Projects/Jajan/Pak Ripin/htd-php-boilerplate/templates/kegiatan/cetak.php on line 34
[26-Jul-2022 11:12:35 Asia/Jakarta] PHP Warning:  number_format() expects parameter 1 to be float, string given in /Volumes/DATA/Projects/Jajan/Pak Ripin/htd-php-boilerplate/templates/kegiatan/cetak.php on line 34
[26-Jul-2022 11:12:35 Asia/Jakarta] PHP Warning:  number_format() expects parameter 1 to be float, string given in /Volumes/DATA/Projects/Jajan/Pak Ripin/htd-php-boilerplate/templates/kegiatan/cetak.php on line 34
[26-Jul-2022 11:12:35 Asia/Jakarta] PHP Warning:  number_format() expects parameter 1 to be float, string given in /Volumes/DATA/Projects/Jajan/Pak Ripin/htd-php-boilerplate/templates/kegiatan/cetak.php on line 34
[26-Jul-2022 11:12:35 Asia/Jakarta] PHP Warning:  number_format() expects parameter 1 to be float, string given in /Volumes/DATA/Projects/Jajan/Pak Ripin/htd-php-boilerplate/templates/kegiatan/cetak.php on line 34
[26-Jul-2022 11:12:35 Asia/Jakarta] PHP Warning:  number_format() expects parameter 1 to be float, string given in /Volumes/DATA/Projects/Jajan/Pak Ripin/htd-php-boilerplate/templates/kegiatan/cetak.php on line 34
[26-Jul-2022 11:12:35 Asia/Jakarta] PHP Warning:  number_format() expects parameter 1 to be float, string given in /Volumes/DATA/Projects/Jajan/Pak Ripin/htd-php-boilerplate/templates/kegiatan/cetak.php on line 34
[26-Jul-2022 11:12:35 Asia/Jakarta] PHP Warning:  number_format() expects parameter 1 to be float, string given in /Volumes/DATA/Projects/Jajan/Pak Ripin/htd-php-boilerplate/templates/kegiatan/cetak.php on line 34
[26-Jul-2022 11:12:35 Asia/Jakarta] PHP Warning:  number_format() expects parameter 1 to be float, string given in /Volumes/DATA/Projects/Jajan/Pak Ripin/htd-php-boilerplate/templates/kegiatan/cetak.php on line 34
[26-Jul-2022 11:12:35 Asia/Jakarta] PHP Warning:  number_format() expects parameter 1 to be float, string given in /Volumes/DATA/Projects/Jajan/Pak Ripin/htd-php-boilerplate/templates/kegiatan/cetak.php on line 34
[26-Jul-2022 11:12:35 Asia/Jakarta] PHP Warning:  number_format() expects parameter 1 to be float, string given in /Volumes/DATA/Projects/Jajan/Pak Ripin/htd-php-boilerplate/templates/kegiatan/cetak.php on line 34
[26-Jul-2022 11:12:35 Asia/Jakarta] PHP Warning:  number_format() expects parameter 1 to be float, string given in /Volumes/DATA/Projects/Jajan/Pak Ripin/htd-php-boilerplate/templates/kegiatan/cetak.php on line 34
[26-Jul-2022 11:12:35 Asia/Jakarta] PHP Warning:  number_format() expects parameter 1 to be float, string given in /Volumes/DATA/Projects/Jajan/Pak Ripin/htd-php-boilerplate/templates/kegiatan/cetak.php on line 34
[26-Jul-2022 11:12:35 Asia/Jakarta] PHP Warning:  number_format() expects parameter 1 to be float, string given in /Volumes/DATA/Projects/Jajan/Pak Ripin/htd-php-boilerplate/templates/kegiatan/cetak.php on line 34
[26-Jul-2022 11:12:35 Asia/Jakarta] PHP Warning:  number_format() expects parameter 1 to be float, string given in /Volumes/DATA/Projects/Jajan/Pak Ripin/htd-php-boilerplate/templates/kegiatan/cetak.php on line 34
[26-Jul-2022 11:12:35 Asia/Jakarta] PHP Warning:  number_format() expects parameter 1 to be float, string given in /Volumes/DATA/Projects/Jajan/Pak Ripin/htd-php-boilerplate/templates/kegiatan/cetak.php on line 34
[26-Jul-2022 11:12:35 Asia/Jakarta] PHP Warning:  number_format() expects parameter 1 to be float, string given in /Volumes/DATA/Projects/Jajan/Pak Ripin/htd-php-boilerplate/templates/kegiatan/cetak.php on line 34
[26-Jul-2022 11:12:35 Asia/Jakarta] PHP Warning:  number_format() expects parameter 1 to be float, string given in /Volumes/DATA/Projects/Jajan/Pak Ripin/htd-php-boilerplate/templates/kegiatan/cetak.php on line 34
[26-Jul-2022 11:12:35 Asia/Jakarta] PHP Warning:  number_format() expects parameter 1 to be float, string given in /Volumes/DATA/Projects/Jajan/Pak Ripin/htd-php-boilerplate/templates/kegiatan/cetak.php on line 34
[26-Jul-2022 11:12:35 Asia/Jakarta] PHP Warning:  number_format() expects parameter 1 to be float, string given in /Volumes/DATA/Projects/Jajan/Pak Ripin/htd-php-boilerplate/templates/kegiatan/cetak.php on line 34
[26-Jul-2022 11:12:36 Asia/Jakarta] PHP Warning:  number_format() expects parameter 1 to be float, string given in /Volumes/DATA/Projects/Jajan/Pak Ripin/htd-php-boilerplate/templates/kegiatan/cetak.php on line 34
[26-Jul-2022 11:12:36 Asia/Jakarta] PHP Warning:  number_format() expects parameter 1 to be float, string given in /Volumes/DATA/Projects/Jajan/Pak Ripin/htd-php-boilerplate/templates/kegiatan/cetak.php on line 34
[26-Jul-2022 11:12:36 Asia/Jakarta] PHP Warning:  number_format() expects parameter 1 to be float, string given in /Volumes/DATA/Projects/Jajan/Pak Ripin/htd-php-boilerplate/templates/kegiatan/cetak.php on line 34
[26-Jul-2022 11:12:36 Asia/Jakarta] PHP Warning:  number_format() expects parameter 1 to be float, string given in /Volumes/DATA/Projects/Jajan/Pak Ripin/htd-php-boilerplate/templates/kegiatan/cetak.php on line 34
[26-Jul-2022 11:12:36 Asia/Jakarta] PHP Warning:  number_format() expects parameter 1 to be float, string given in /Volumes/DATA/Projects/Jajan/Pak Ripin/htd-php-boilerplate/templates/kegiatan/cetak.php on line 34
[26-Jul-2022 11:12:36 Asia/Jakarta] PHP Warning:  number_format() expects parameter 1 to be float, string given in /Volumes/DATA/Projects/Jajan/Pak Ripin/htd-php-boilerplate/templates/kegiatan/cetak.php on line 34
[26-Jul-2022 11:12:36 Asia/Jakarta] PHP Warning:  number_format() expects parameter 1 to be float, string given in /Volumes/DATA/Projects/Jajan/Pak Ripin/htd-php-boilerplate/templates/kegiatan/cetak.php on line 34
[26-Jul-2022 11:12:36 Asia/Jakarta] PHP Warning:  number_format() expects parameter 1 to be float, string given in /Volumes/DATA/Projects/Jajan/Pak Ripin/htd-php-boilerplate/templates/kegiatan/cetak.php on line 34
[26-Jul-2022 11:12:36 Asia/Jakarta] PHP Warning:  number_format() expects parameter 1 to be float, string given in /Volumes/DATA/Projects/Jajan/Pak Ripin/htd-php-boilerplate/templates/kegiatan/cetak.php on line 34
[26-Jul-2022 11:12:36 Asia/Jakarta] PHP Warning:  number_format() expects parameter 1 to be float, string given in /Volumes/DATA/Projects/Jajan/Pak Ripin/htd-php-boilerplate/templates/kegiatan/cetak.php on line 34
[26-Jul-2022 11:12:36 Asia/Jakarta] PHP Warning:  number_format() expects parameter 1 to be float, string given in /Volumes/DATA/Projects/Jajan/Pak Ripin/htd-php-boilerplate/templates/kegiatan/cetak.php on line 34
[26-Jul-2022 11:12:36 Asia/Jakarta] PHP Warning:  number_format() expects parameter 1 to be float, string given in /Volumes/DATA/Projects/Jajan/Pak Ripin/htd-php-boilerplate/templates/kegiatan/cetak.php on line 34
[26-Jul-2022 11:12:36 Asia/Jakarta] PHP Warning:  number_format() expects parameter 1 to be float, string given in /Volumes/DATA/Projects/Jajan/Pak Ripin/htd-php-boilerplate/templates/kegiatan/cetak.php on line 34
[26-Jul-2022 11:12:36 Asia/Jakarta] PHP Warning:  number_format() expects parameter 1 to be float, string given in /Volumes/DATA/Projects/Jajan/Pak Ripin/htd-php-boilerplate/templates/kegiatan/cetak.php on line 34
[26-Jul-2022 11:12:36 Asia/Jakarta] PHP Warning:  number_format() expects parameter 1 to be float, string given in /Volumes/DATA/Projects/Jajan/Pak Ripin/htd-php-boilerplate/templates/kegiatan/cetak.php on line 34
[26-Jul-2022 11:12:36 Asia/Jakarta] PHP Warning:  number_format() expects parameter 1 to be float, string given in /Volumes/DATA/Projects/Jajan/Pak Ripin/htd-php-boilerplate/templates/kegiatan/cetak.php on line 34
[26-Jul-2022 11:12:36 Asia/Jakarta] PHP Warning:  number_format() expects parameter 1 to be float, string given in /Volumes/DATA/Projects/Jajan/Pak Ripin/htd-php-boilerplate/templates/kegiatan/cetak.php on line 34
[26-Jul-2022 11:12:36 Asia/Jakarta] PHP Warning:  number_format() expects parameter 1 to be float, string given in /Volumes/DATA/Projects/Jajan/Pak Ripin/htd-php-boilerplate/templates/kegiatan/cetak.php on line 34
[26-Jul-2022 11:12:36 Asia/Jakarta] PHP Warning:  number_format() expects parameter 1 to be float, string given in /Volumes/DATA/Projects/Jajan/Pak Ripin/htd-php-boilerplate/templates/kegiatan/cetak.php on line 34
[26-Jul-2022 11:12:36 Asia/Jakarta] PHP Warning:  number_format() expects parameter 1 to be float, string given in /Volumes/DATA/Projects/Jajan/Pak Ripin/htd-php-boilerplate/templates/kegiatan/cetak.php on line 34
[26-Jul-2022 11:12:36 Asia/Jakarta] PHP Warning:  number_format() expects parameter 1 to be float, string given in /Volumes/DATA/Projects/Jajan/Pak Ripin/htd-php-boilerplate/templates/kegiatan/cetak.php on line 34
[26-Jul-2022 06:12:37 Europe/Berlin] Hello, errors!
[26-Jul-2022 06:12:58 Europe/Berlin] Hello, errors!
[26-Jul-2022 11:12:59 Asia/Jakarta] PHP Warning:  number_format() expects parameter 1 to be float, string given in /Volumes/DATA/Projects/Jajan/Pak Ripin/htd-php-boilerplate/templates/kegiatan/cetak.php on line 34
[26-Jul-2022 06:13:28 Europe/Berlin] Hello, errors!
[26-Jul-2022 11:13:29 Asia/Jakarta] PHP Warning:  number_format() expects parameter 1 to be float, string given in /Volumes/DATA/Projects/Jajan/Pak Ripin/htd-php-boilerplate/templates/kegiatan/cetak.php on line 34
[26-Jul-2022 06:13:46 Europe/Berlin] Hello, errors!
[26-Jul-2022 11:13:46 Asia/Jakarta] PHP Warning:  number_format() expects parameter 1 to be float, string given in /Volumes/DATA/Projects/Jajan/Pak Ripin/htd-php-boilerplate/templates/kegiatan/cetak.php on line 34
[26-Jul-2022 06:14:38 Europe/Berlin] Hello, errors!
[26-Jul-2022 11:14:39 Asia/Jakarta] PHP Warning:  number_format() expects parameter 1 to be float, string given in /Volumes/DATA/Projects/Jajan/Pak Ripin/htd-php-boilerplate/templates/kegiatan/cetak.php on line 34
[26-Jul-2022 11:14:39 Asia/Jakarta] PHP Warning:  number_format() expects parameter 1 to be float, string given in /Volumes/DATA/Projects/Jajan/Pak Ripin/htd-php-boilerplate/templates/kegiatan/cetak.php on line 34
[26-Jul-2022 11:14:39 Asia/Jakarta] PHP Warning:  number_format() expects parameter 1 to be float, string given in /Volumes/DATA/Projects/Jajan/Pak Ripin/htd-php-boilerplate/templates/kegiatan/cetak.php on line 34
[26-Jul-2022 11:14:39 Asia/Jakarta] PHP Warning:  number_format() expects parameter 1 to be float, string given in /Volumes/DATA/Projects/Jajan/Pak Ripin/htd-php-boilerplate/templates/kegiatan/cetak.php on line 34
[26-Jul-2022 11:14:39 Asia/Jakarta] PHP Warning:  number_format() expects parameter 1 to be float, string given in /Volumes/DATA/Projects/Jajan/Pak Ripin/htd-php-boilerplate/templates/kegiatan/cetak.php on line 34
[26-Jul-2022 11:14:39 Asia/Jakarta] PHP Warning:  number_format() expects parameter 1 to be float, string given in /Volumes/DATA/Projects/Jajan/Pak Ripin/htd-php-boilerplate/templates/kegiatan/cetak.php on line 34
[26-Jul-2022 11:14:39 Asia/Jakarta] PHP Warning:  number_format() expects parameter 1 to be float, string given in /Volumes/DATA/Projects/Jajan/Pak Ripin/htd-php-boilerplate/templates/kegiatan/cetak.php on line 34
[26-Jul-2022 11:14:39 Asia/Jakarta] PHP Warning:  number_format() expects parameter 1 to be float, string given in /Volumes/DATA/Projects/Jajan/Pak Ripin/htd-php-boilerplate/templates/kegiatan/cetak.php on line 34
[26-Jul-2022 11:14:39 Asia/Jakarta] PHP Warning:  number_format() expects parameter 1 to be float, string given in /Volumes/DATA/Projects/Jajan/Pak Ripin/htd-php-boilerplate/templates/kegiatan/cetak.php on line 34
[26-Jul-2022 11:14:39 Asia/Jakarta] PHP Warning:  number_format() expects parameter 1 to be float, string given in /Volumes/DATA/Projects/Jajan/Pak Ripin/htd-php-boilerplate/templates/kegiatan/cetak.php on line 34
[26-Jul-2022 11:14:39 Asia/Jakarta] PHP Warning:  number_format() expects parameter 1 to be float, string given in /Volumes/DATA/Projects/Jajan/Pak Ripin/htd-php-boilerplate/templates/kegiatan/cetak.php on line 34
[26-Jul-2022 11:14:39 Asia/Jakarta] PHP Warning:  number_format() expects parameter 1 to be float, string given in /Volumes/DATA/Projects/Jajan/Pak Ripin/htd-php-boilerplate/templates/kegiatan/cetak.php on line 34
[26-Jul-2022 11:14:39 Asia/Jakarta] PHP Warning:  number_format() expects parameter 1 to be float, string given in /Volumes/DATA/Projects/Jajan/Pak Ripin/htd-php-boilerplate/templates/kegiatan/cetak.php on line 34
[26-Jul-2022 11:14:39 Asia/Jakarta] PHP Warning:  number_format() expects parameter 1 to be float, string given in /Volumes/DATA/Projects/Jajan/Pak Ripin/htd-php-boilerplate/templates/kegiatan/cetak.php on line 34
[26-Jul-2022 11:14:39 Asia/Jakarta] PHP Warning:  number_format() expects parameter 1 to be float, string given in /Volumes/DATA/Projects/Jajan/Pak Ripin/htd-php-boilerplate/templates/kegiatan/cetak.php on line 34
[26-Jul-2022 11:14:39 Asia/Jakarta] PHP Warning:  number_format() expects parameter 1 to be float, string given in /Volumes/DATA/Projects/Jajan/Pak Ripin/htd-php-boilerplate/templates/kegiatan/cetak.php on line 34
[26-Jul-2022 11:14:39 Asia/Jakarta] PHP Warning:  number_format() expects parameter 1 to be float, string given in /Volumes/DATA/Projects/Jajan/Pak Ripin/htd-php-boilerplate/templates/kegiatan/cetak.php on line 34
[26-Jul-2022 11:14:39 Asia/Jakarta] PHP Warning:  number_format() expects parameter 1 to be float, string given in /Volumes/DATA/Projects/Jajan/Pak Ripin/htd-php-boilerplate/templates/kegiatan/cetak.php on line 34
[26-Jul-2022 11:14:39 Asia/Jakarta] PHP Warning:  number_format() expects parameter 1 to be float, string given in /Volumes/DATA/Projects/Jajan/Pak Ripin/htd-php-boilerplate/templates/kegiatan/cetak.php on line 34
[26-Jul-2022 11:14:39 Asia/Jakarta] PHP Warning:  number_format() expects parameter 1 to be float, string given in /Volumes/DATA/Projects/Jajan/Pak Ripin/htd-php-boilerplate/templates/kegiatan/cetak.php on line 34
[26-Jul-2022 11:14:39 Asia/Jakarta] PHP Warning:  number_format() expects parameter 1 to be float, string given in /Volumes/DATA/Projects/Jajan/Pak Ripin/htd-php-boilerplate/templates/kegiatan/cetak.php on line 34
[26-Jul-2022 11:14:39 Asia/Jakarta] PHP Warning:  number_format() expects parameter 1 to be float, string given in /Volumes/DATA/Projects/Jajan/Pak Ripin/htd-php-boilerplate/templates/kegiatan/cetak.php on line 34
[26-Jul-2022 11:14:39 Asia/Jakarta] PHP Warning:  number_format() expects parameter 1 to be float, string given in /Volumes/DATA/Projects/Jajan/Pak Ripin/htd-php-boilerplate/templates/kegiatan/cetak.php on line 34
[26-Jul-2022 11:14:39 Asia/Jakarta] PHP Warning:  number_format() expects parameter 1 to be float, string given in /Volumes/DATA/Projects/Jajan/Pak Ripin/htd-php-boilerplate/templates/kegiatan/cetak.php on line 34
[26-Jul-2022 11:14:39 Asia/Jakarta] PHP Warning:  number_format() expects parameter 1 to be float, string given in /Volumes/DATA/Projects/Jajan/Pak Ripin/htd-php-boilerplate/templates/kegiatan/cetak.php on line 34
[26-Jul-2022 11:14:39 Asia/Jakarta] PHP Warning:  number_format() expects parameter 1 to be float, string given in /Volumes/DATA/Projects/Jajan/Pak Ripin/htd-php-boilerplate/templates/kegiatan/cetak.php on line 34
[26-Jul-2022 11:14:39 Asia/Jakarta] PHP Warning:  number_format() expects parameter 1 to be float, string given in /Volumes/DATA/Projects/Jajan/Pak Ripin/htd-php-boilerplate/templates/kegiatan/cetak.php on line 34
[26-Jul-2022 11:14:39 Asia/Jakarta] PHP Warning:  number_format() expects parameter 1 to be float, string given in /Volumes/DATA/Projects/Jajan/Pak Ripin/htd-php-boilerplate/templates/kegiatan/cetak.php on line 34
[26-Jul-2022 11:14:39 Asia/Jakarta] PHP Warning:  number_format() expects parameter 1 to be float, string given in /Volumes/DATA/Projects/Jajan/Pak Ripin/htd-php-boilerplate/templates/kegiatan/cetak.php on line 34
[26-Jul-2022 11:14:39 Asia/Jakarta] PHP Warning:  number_format() expects parameter 1 to be float, string given in /Volumes/DATA/Projects/Jajan/Pak Ripin/htd-php-boilerplate/templates/kegiatan/cetak.php on line 34
[26-Jul-2022 11:14:39 Asia/Jakarta] PHP Warning:  number_format() expects parameter 1 to be float, string given in /Volumes/DATA/Projects/Jajan/Pak Ripin/htd-php-boilerplate/templates/kegiatan/cetak.php on line 34
[26-Jul-2022 11:14:39 Asia/Jakarta] PHP Warning:  number_format() expects parameter 1 to be float, string given in /Volumes/DATA/Projects/Jajan/Pak Ripin/htd-php-boilerplate/templates/kegiatan/cetak.php on line 34
[26-Jul-2022 11:14:39 Asia/Jakarta] PHP Warning:  number_format() expects parameter 1 to be float, string given in /Volumes/DATA/Projects/Jajan/Pak Ripin/htd-php-boilerplate/templates/kegiatan/cetak.php on line 34
[26-Jul-2022 11:14:39 Asia/Jakarta] PHP Warning:  number_format() expects parameter 1 to be float, string given in /Volumes/DATA/Projects/Jajan/Pak Ripin/htd-php-boilerplate/templates/kegiatan/cetak.php on line 34
[26-Jul-2022 11:14:39 Asia/Jakarta] PHP Warning:  number_format() expects parameter 1 to be float, string given in /Volumes/DATA/Projects/Jajan/Pak Ripin/htd-php-boilerplate/templates/kegiatan/cetak.php on line 34
[26-Jul-2022 11:14:39 Asia/Jakarta] PHP Warning:  number_format() expects parameter 1 to be float, string given in /Volumes/DATA/Projects/Jajan/Pak Ripin/htd-php-boilerplate/templates/kegiatan/cetak.php on line 34
[26-Jul-2022 11:14:39 Asia/Jakarta] PHP Warning:  number_format() expects parameter 1 to be float, string given in /Volumes/DATA/Projects/Jajan/Pak Ripin/htd-php-boilerplate/templates/kegiatan/cetak.php on line 34
[26-Jul-2022 11:14:39 Asia/Jakarta] PHP Warning:  number_format() expects parameter 1 to be float, string given in /Volumes/DATA/Projects/Jajan/Pak Ripin/htd-php-boilerplate/templates/kegiatan/cetak.php on line 34
[26-Jul-2022 11:14:39 Asia/Jakarta] PHP Warning:  number_format() expects parameter 1 to be float, string given in /Volumes/DATA/Projects/Jajan/Pak Ripin/htd-php-boilerplate/templates/kegiatan/cetak.php on line 34
[26-Jul-2022 11:14:39 Asia/Jakarta] PHP Warning:  number_format() expects parameter 1 to be float, string given in /Volumes/DATA/Projects/Jajan/Pak Ripin/htd-php-boilerplate/templates/kegiatan/cetak.php on line 34
[26-Jul-2022 11:14:39 Asia/Jakarta] PHP Warning:  number_format() expects parameter 1 to be float, string given in /Volumes/DATA/Projects/Jajan/Pak Ripin/htd-php-boilerplate/templates/kegiatan/cetak.php on line 34
[26-Jul-2022 11:14:39 Asia/Jakarta] PHP Warning:  number_format() expects parameter 1 to be float, string given in /Volumes/DATA/Projects/Jajan/Pak Ripin/htd-php-boilerplate/templates/kegiatan/cetak.php on line 34
[26-Jul-2022 11:14:39 Asia/Jakarta] PHP Warning:  number_format() expects parameter 1 to be float, string given in /Volumes/DATA/Projects/Jajan/Pak Ripin/htd-php-boilerplate/templates/kegiatan/cetak.php on line 34
[26-Jul-2022 11:14:39 Asia/Jakarta] PHP Warning:  number_format() expects parameter 1 to be float, string given in /Volumes/DATA/Projects/Jajan/Pak Ripin/htd-php-boilerplate/templates/kegiatan/cetak.php on line 34
[26-Jul-2022 11:14:39 Asia/Jakarta] PHP Warning:  number_format() expects parameter 1 to be float, string given in /Volumes/DATA/Projects/Jajan/Pak Ripin/htd-php-boilerplate/templates/kegiatan/cetak.php on line 34
[26-Jul-2022 11:14:39 Asia/Jakarta] PHP Warning:  number_format() expects parameter 1 to be float, string given in /Volumes/DATA/Projects/Jajan/Pak Ripin/htd-php-boilerplate/templates/kegiatan/cetak.php on line 34
[26-Jul-2022 11:14:39 Asia/Jakarta] PHP Warning:  number_format() expects parameter 1 to be float, string given in /Volumes/DATA/Projects/Jajan/Pak Ripin/htd-php-boilerplate/templates/kegiatan/cetak.php on line 34
[26-Jul-2022 11:14:39 Asia/Jakarta] PHP Warning:  number_format() expects parameter 1 to be float, string given in /Volumes/DATA/Projects/Jajan/Pak Ripin/htd-php-boilerplate/templates/kegiatan/cetak.php on line 34
[26-Jul-2022 11:14:39 Asia/Jakarta] PHP Warning:  number_format() expects parameter 1 to be float, string given in /Volumes/DATA/Projects/Jajan/Pak Ripin/htd-php-boilerplate/templates/kegiatan/cetak.php on line 34
[26-Jul-2022 11:14:39 Asia/Jakarta] PHP Warning:  number_format() expects parameter 1 to be float, string given in /Volumes/DATA/Projects/Jajan/Pak Ripin/htd-php-boilerplate/templates/kegiatan/cetak.php on line 34
[26-Jul-2022 11:14:39 Asia/Jakarta] PHP Warning:  number_format() expects parameter 1 to be float, string given in /Volumes/DATA/Projects/Jajan/Pak Ripin/htd-php-boilerplate/templates/kegiatan/cetak.php on line 34
[26-Jul-2022 11:14:39 Asia/Jakarta] PHP Warning:  number_format() expects parameter 1 to be float, string given in /Volumes/DATA/Projects/Jajan/Pak Ripin/htd-php-boilerplate/templates/kegiatan/cetak.php on line 34
[26-Jul-2022 06:14:49 Europe/Berlin] Hello, errors!
[26-Jul-2022 06:15:17 Europe/Berlin] Hello, errors!
[26-Jul-2022 06:20:00 Europe/Berlin] Hello, errors!
[26-Jul-2022 06:20:36 Europe/Berlin] Hello, errors!
[26-Jul-2022 06:28:50 Europe/Berlin] Hello, errors!
[26-Jul-2022 11:28:51 Asia/Jakarta] PHP Notice:  Undefined property: stdClass::$target_ in /Volumes/DATA/Projects/Jajan/Pak Ripin/htd-php-boilerplate/actions/reports/capaian.php on line 60
[26-Jul-2022 11:28:51 Asia/Jakarta] PHP Notice:  Trying to access array offset on value of type null in /Volumes/DATA/Projects/Jajan/Pak Ripin/htd-php-boilerplate/actions/reports/capaian.php on line 60
[26-Jul-2022 11:28:51 Asia/Jakarta] PHP Notice:  Undefined property: stdClass::$target_ in /Volumes/DATA/Projects/Jajan/Pak Ripin/htd-php-boilerplate/actions/reports/capaian.php on line 60
[26-Jul-2022 11:28:51 Asia/Jakarta] PHP Notice:  Trying to access array offset on value of type null in /Volumes/DATA/Projects/Jajan/Pak Ripin/htd-php-boilerplate/actions/reports/capaian.php on line 60
[26-Jul-2022 11:28:51 Asia/Jakarta] PHP Warning:  Division by zero in /Volumes/DATA/Projects/Jajan/Pak Ripin/htd-php-boilerplate/actions/reports/capaian.php on line 65
[26-Jul-2022 11:28:51 Asia/Jakarta] PHP Notice:  Undefined property: stdClass::$target_ in /Volumes/DATA/Projects/Jajan/Pak Ripin/htd-php-boilerplate/actions/reports/capaian.php on line 60
[26-Jul-2022 11:28:51 Asia/Jakarta] PHP Notice:  Trying to access array offset on value of type null in /Volumes/DATA/Projects/Jajan/Pak Ripin/htd-php-boilerplate/actions/reports/capaian.php on line 60
[26-Jul-2022 11:28:51 Asia/Jakarta] PHP Notice:  Undefined property: stdClass::$target_ in /Volumes/DATA/Projects/Jajan/Pak Ripin/htd-php-boilerplate/actions/reports/capaian.php on line 60
[26-Jul-2022 11:28:51 Asia/Jakarta] PHP Notice:  Trying to access array offset on value of type null in /Volumes/DATA/Projects/Jajan/Pak Ripin/htd-php-boilerplate/actions/reports/capaian.php on line 60
[26-Jul-2022 11:28:51 Asia/Jakarta] PHP Notice:  Undefined property: stdClass::$target_ in /Volumes/DATA/Projects/Jajan/Pak Ripin/htd-php-boilerplate/actions/reports/capaian.php on line 60
[26-Jul-2022 11:28:51 Asia/Jakarta] PHP Notice:  Trying to access array offset on value of type null in /Volumes/DATA/Projects/Jajan/Pak Ripin/htd-php-boilerplate/actions/reports/capaian.php on line 60
[26-Jul-2022 11:28:51 Asia/Jakarta] PHP Notice:  Undefined property: stdClass::$target_ in /Volumes/DATA/Projects/Jajan/Pak Ripin/htd-php-boilerplate/actions/reports/capaian.php on line 60
[26-Jul-2022 11:28:51 Asia/Jakarta] PHP Notice:  Trying to access array offset on value of type null in /Volumes/DATA/Projects/Jajan/Pak Ripin/htd-php-boilerplate/actions/reports/capaian.php on line 60
[26-Jul-2022 11:28:51 Asia/Jakarta] PHP Notice:  Undefined property: stdClass::$target_ in /Volumes/DATA/Projects/Jajan/Pak Ripin/htd-php-boilerplate/actions/reports/capaian.php on line 60
[26-Jul-2022 11:28:51 Asia/Jakarta] PHP Notice:  Trying to access array offset on value of type null in /Volumes/DATA/Projects/Jajan/Pak Ripin/htd-php-boilerplate/actions/reports/capaian.php on line 60
[26-Jul-2022 11:28:51 Asia/Jakarta] PHP Notice:  Undefined property: stdClass::$target_ in /Volumes/DATA/Projects/Jajan/Pak Ripin/htd-php-boilerplate/actions/reports/capaian.php on line 60
[26-Jul-2022 11:28:51 Asia/Jakarta] PHP Notice:  Trying to access array offset on value of type null in /Volumes/DATA/Projects/Jajan/Pak Ripin/htd-php-boilerplate/actions/reports/capaian.php on line 60
[26-Jul-2022 11:28:51 Asia/Jakarta] PHP Notice:  Undefined property: stdClass::$target_ in /Volumes/DATA/Projects/Jajan/Pak Ripin/htd-php-boilerplate/actions/reports/capaian.php on line 60
[26-Jul-2022 11:28:51 Asia/Jakarta] PHP Notice:  Trying to access array offset on value of type null in /Volumes/DATA/Projects/Jajan/Pak Ripin/htd-php-boilerplate/actions/reports/capaian.php on line 60
[26-Jul-2022 11:28:51 Asia/Jakarta] PHP Warning:  Division by zero in /Volumes/DATA/Projects/Jajan/Pak Ripin/htd-php-boilerplate/actions/reports/capaian.php on line 65
[26-Jul-2022 11:28:51 Asia/Jakarta] PHP Notice:  Undefined property: stdClass::$target_ in /Volumes/DATA/Projects/Jajan/Pak Ripin/htd-php-boilerplate/actions/reports/capaian.php on line 60
[26-Jul-2022 11:28:51 Asia/Jakarta] PHP Notice:  Trying to access array offset on value of type null in /Volumes/DATA/Projects/Jajan/Pak Ripin/htd-php-boilerplate/actions/reports/capaian.php on line 60
[26-Jul-2022 11:28:51 Asia/Jakarta] PHP Notice:  Undefined property: stdClass::$target_ in /Volumes/DATA/Projects/Jajan/Pak Ripin/htd-php-boilerplate/actions/reports/capaian.php on line 60
[26-Jul-2022 11:28:51 Asia/Jakarta] PHP Notice:  Trying to access array offset on value of type null in /Volumes/DATA/Projects/Jajan/Pak Ripin/htd-php-boilerplate/actions/reports/capaian.php on line 60
[26-Jul-2022 11:28:51 Asia/Jakarta] PHP Notice:  Undefined property: stdClass::$target_ in /Volumes/DATA/Projects/Jajan/Pak Ripin/htd-php-boilerplate/actions/reports/capaian.php on line 60
[26-Jul-2022 11:28:51 Asia/Jakarta] PHP Notice:  Trying to access array offset on value of type null in /Volumes/DATA/Projects/Jajan/Pak Ripin/htd-php-boilerplate/actions/reports/capaian.php on line 60
[26-Jul-2022 11:28:51 Asia/Jakarta] PHP Notice:  Undefined property: stdClass::$target_ in /Volumes/DATA/Projects/Jajan/Pak Ripin/htd-php-boilerplate/actions/reports/capaian.php on line 60
[26-Jul-2022 11:28:51 Asia/Jakarta] PHP Notice:  Trying to access array offset on value of type null in /Volumes/DATA/Projects/Jajan/Pak Ripin/htd-php-boilerplate/actions/reports/capaian.php on line 60
[26-Jul-2022 11:28:51 Asia/Jakarta] PHP Notice:  Undefined property: stdClass::$target_ in /Volumes/DATA/Projects/Jajan/Pak Ripin/htd-php-boilerplate/actions/reports/capaian.php on line 60
[26-Jul-2022 11:28:51 Asia/Jakarta] PHP Notice:  Trying to access array offset on value of type null in /Volumes/DATA/Projects/Jajan/Pak Ripin/htd-php-boilerplate/actions/reports/capaian.php on line 60
[26-Jul-2022 11:28:51 Asia/Jakarta] PHP Warning:  Division by zero in /Volumes/DATA/Projects/Jajan/Pak Ripin/htd-php-boilerplate/actions/reports/capaian.php on line 65
[26-Jul-2022 11:28:51 Asia/Jakarta] PHP Notice:  Undefined property: stdClass::$target_ in /Volumes/DATA/Projects/Jajan/Pak Ripin/htd-php-boilerplate/actions/reports/capaian.php on line 60
[26-Jul-2022 11:28:51 Asia/Jakarta] PHP Notice:  Trying to access array offset on value of type null in /Volumes/DATA/Projects/Jajan/Pak Ripin/htd-php-boilerplate/actions/reports/capaian.php on line 60
[26-Jul-2022 11:28:51 Asia/Jakarta] PHP Notice:  Undefined property: stdClass::$target_ in /Volumes/DATA/Projects/Jajan/Pak Ripin/htd-php-boilerplate/actions/reports/capaian.php on line 60
[26-Jul-2022 11:28:51 Asia/Jakarta] PHP Notice:  Trying to access array offset on value of type null in /Volumes/DATA/Projects/Jajan/Pak Ripin/htd-php-boilerplate/actions/reports/capaian.php on line 60
[26-Jul-2022 11:28:51 Asia/Jakarta] PHP Notice:  Undefined property: stdClass::$target_ in /Volumes/DATA/Projects/Jajan/Pak Ripin/htd-php-boilerplate/actions/reports/capaian.php on line 60
[26-Jul-2022 11:28:51 Asia/Jakarta] PHP Notice:  Trying to access array offset on value of type null in /Volumes/DATA/Projects/Jajan/Pak Ripin/htd-php-boilerplate/actions/reports/capaian.php on line 60
[26-Jul-2022 11:28:51 Asia/Jakarta] PHP Notice:  Undefined property: stdClass::$target_ in /Volumes/DATA/Projects/Jajan/Pak Ripin/htd-php-boilerplate/actions/reports/capaian.php on line 60
[26-Jul-2022 11:28:51 Asia/Jakarta] PHP Notice:  Trying to access array offset on value of type null in /Volumes/DATA/Projects/Jajan/Pak Ripin/htd-php-boilerplate/actions/reports/capaian.php on line 60
[26-Jul-2022 11:28:51 Asia/Jakarta] PHP Notice:  Undefined property: stdClass::$target_ in /Volumes/DATA/Projects/Jajan/Pak Ripin/htd-php-boilerplate/actions/reports/capaian.php on line 60
[26-Jul-2022 11:28:51 Asia/Jakarta] PHP Notice:  Trying to access array offset on value of type null in /Volumes/DATA/Projects/Jajan/Pak Ripin/htd-php-boilerplate/actions/reports/capaian.php on line 60
[26-Jul-2022 11:28:51 Asia/Jakarta] PHP Notice:  Undefined property: stdClass::$target_ in /Volumes/DATA/Projects/Jajan/Pak Ripin/htd-php-boilerplate/actions/reports/capaian.php on line 60
[26-Jul-2022 11:28:51 Asia/Jakarta] PHP Notice:  Trying to access array offset on value of type null in /Volumes/DATA/Projects/Jajan/Pak Ripin/htd-php-boilerplate/actions/reports/capaian.php on line 60
[26-Jul-2022 11:28:51 Asia/Jakarta] PHP Notice:  Undefined property: stdClass::$target_ in /Volumes/DATA/Projects/Jajan/Pak Ripin/htd-php-boilerplate/actions/reports/capaian.php on line 60
[26-Jul-2022 11:28:51 Asia/Jakarta] PHP Notice:  Trying to access array offset on value of type null in /Volumes/DATA/Projects/Jajan/Pak Ripin/htd-php-boilerplate/actions/reports/capaian.php on line 60
[26-Jul-2022 11:28:51 Asia/Jakarta] PHP Warning:  Division by zero in /Volumes/DATA/Projects/Jajan/Pak Ripin/htd-php-boilerplate/actions/reports/capaian.php on line 65
[26-Jul-2022 11:28:51 Asia/Jakarta] PHP Notice:  Undefined property: stdClass::$target_ in /Volumes/DATA/Projects/Jajan/Pak Ripin/htd-php-boilerplate/actions/reports/capaian.php on line 60
[26-Jul-2022 11:28:51 Asia/Jakarta] PHP Notice:  Trying to access array offset on value of type null in /Volumes/DATA/Projects/Jajan/Pak Ripin/htd-php-boilerplate/actions/reports/capaian.php on line 60
[26-Jul-2022 11:28:51 Asia/Jakarta] PHP Notice:  Undefined property: stdClass::$target_ in /Volumes/DATA/Projects/Jajan/Pak Ripin/htd-php-boilerplate/actions/reports/capaian.php on line 60
[26-Jul-2022 11:28:51 Asia/Jakarta] PHP Notice:  Trying to access array offset on value of type null in /Volumes/DATA/Projects/Jajan/Pak Ripin/htd-php-boilerplate/actions/reports/capaian.php on line 60
[26-Jul-2022 11:28:51 Asia/Jakarta] PHP Notice:  Undefined property: stdClass::$target_ in /Volumes/DATA/Projects/Jajan/Pak Ripin/htd-php-boilerplate/actions/reports/capaian.php on line 60
[26-Jul-2022 11:28:51 Asia/Jakarta] PHP Notice:  Trying to access array offset on value of type null in /Volumes/DATA/Projects/Jajan/Pak Ripin/htd-php-boilerplate/actions/reports/capaian.php on line 60
[26-Jul-2022 11:28:51 Asia/Jakarta] PHP Notice:  Undefined property: stdClass::$target_ in /Volumes/DATA/Projects/Jajan/Pak Ripin/htd-php-boilerplate/actions/reports/capaian.php on line 60
[26-Jul-2022 11:28:51 Asia/Jakarta] PHP Notice:  Trying to access array offset on value of type null in /Volumes/DATA/Projects/Jajan/Pak Ripin/htd-php-boilerplate/actions/reports/capaian.php on line 60
[26-Jul-2022 11:28:51 Asia/Jakarta] PHP Notice:  Undefined property: stdClass::$target_ in /Volumes/DATA/Projects/Jajan/Pak Ripin/htd-php-boilerplate/actions/reports/capaian.php on line 60
[26-Jul-2022 11:28:51 Asia/Jakarta] PHP Notice:  Trying to access array offset on value of type null in /Volumes/DATA/Projects/Jajan/Pak Ripin/htd-php-boilerplate/actions/reports/capaian.php on line 60
[26-Jul-2022 11:28:51 Asia/Jakarta] PHP Warning:  Division by zero in /Volumes/DATA/Projects/Jajan/Pak Ripin/htd-php-boilerplate/actions/reports/capaian.php on line 65
[26-Jul-2022 11:28:51 Asia/Jakarta] PHP Notice:  Undefined property: stdClass::$target_ in /Volumes/DATA/Projects/Jajan/Pak Ripin/htd-php-boilerplate/actions/reports/capaian.php on line 60
[26-Jul-2022 11:28:51 Asia/Jakarta] PHP Notice:  Trying to access array offset on value of type null in /Volumes/DATA/Projects/Jajan/Pak Ripin/htd-php-boilerplate/actions/reports/capaian.php on line 60
[26-Jul-2022 11:28:51 Asia/Jakarta] PHP Notice:  Undefined property: stdClass::$target_ in /Volumes/DATA/Projects/Jajan/Pak Ripin/htd-php-boilerplate/actions/reports/capaian.php on line 60
[26-Jul-2022 11:28:51 Asia/Jakarta] PHP Notice:  Trying to access array offset on value of type null in /Volumes/DATA/Projects/Jajan/Pak Ripin/htd-php-boilerplate/actions/reports/capaian.php on line 60
[26-Jul-2022 11:28:51 Asia/Jakarta] PHP Notice:  Undefined property: stdClass::$target_ in /Volumes/DATA/Projects/Jajan/Pak Ripin/htd-php-boilerplate/actions/reports/capaian.php on line 60
[26-Jul-2022 11:28:51 Asia/Jakarta] PHP Notice:  Trying to access array offset on value of type null in /Volumes/DATA/Projects/Jajan/Pak Ripin/htd-php-boilerplate/actions/reports/capaian.php on line 60
[26-Jul-2022 11:28:51 Asia/Jakarta] PHP Notice:  Undefined property: stdClass::$target_ in /Volumes/DATA/Projects/Jajan/Pak Ripin/htd-php-boilerplate/actions/reports/capaian.php on line 60
[26-Jul-2022 11:28:51 Asia/Jakarta] PHP Notice:  Trying to access array offset on value of type null in /Volumes/DATA/Projects/Jajan/Pak Ripin/htd-php-boilerplate/actions/reports/capaian.php on line 60
[26-Jul-2022 11:28:51 Asia/Jakarta] PHP Notice:  Undefined property: stdClass::$target_ in /Volumes/DATA/Projects/Jajan/Pak Ripin/htd-php-boilerplate/actions/reports/capaian.php on line 60
[26-Jul-2022 11:28:51 Asia/Jakarta] PHP Notice:  Trying to access array offset on value of type null in /Volumes/DATA/Projects/Jajan/Pak Ripin/htd-php-boilerplate/actions/reports/capaian.php on line 60
[26-Jul-2022 11:28:51 Asia/Jakarta] PHP Notice:  Undefined property: stdClass::$target_ in /Volumes/DATA/Projects/Jajan/Pak Ripin/htd-php-boilerplate/actions/reports/capaian.php on line 60
[26-Jul-2022 11:28:51 Asia/Jakarta] PHP Notice:  Trying to access array offset on value of type null in /Volumes/DATA/Projects/Jajan/Pak Ripin/htd-php-boilerplate/actions/reports/capaian.php on line 60
[26-Jul-2022 11:28:51 Asia/Jakarta] PHP Warning:  Division by zero in /Volumes/DATA/Projects/Jajan/Pak Ripin/htd-php-boilerplate/actions/reports/capaian.php on line 65
[26-Jul-2022 11:28:51 Asia/Jakarta] PHP Notice:  Undefined property: stdClass::$target_ in /Volumes/DATA/Projects/Jajan/Pak Ripin/htd-php-boilerplate/actions/reports/capaian.php on line 60
[26-Jul-2022 11:28:51 Asia/Jakarta] PHP Notice:  Trying to access array offset on value of type null in /Volumes/DATA/Projects/Jajan/Pak Ripin/htd-php-boilerplate/actions/reports/capaian.php on line 60
[26-Jul-2022 11:28:51 Asia/Jakarta] PHP Notice:  Undefined property: stdClass::$target_ in /Volumes/DATA/Projects/Jajan/Pak Ripin/htd-php-boilerplate/actions/reports/capaian.php on line 60
[26-Jul-2022 11:28:51 Asia/Jakarta] PHP Notice:  Trying to access array offset on value of type null in /Volumes/DATA/Projects/Jajan/Pak Ripin/htd-php-boilerplate/actions/reports/capaian.php on line 60
[26-Jul-2022 11:28:51 Asia/Jakarta] PHP Notice:  Undefined property: stdClass::$target_ in /Volumes/DATA/Projects/Jajan/Pak Ripin/htd-php-boilerplate/actions/reports/capaian.php on line 60
[26-Jul-2022 11:28:51 Asia/Jakarta] PHP Notice:  Trying to access array offset on value of type null in /Volumes/DATA/Projects/Jajan/Pak Ripin/htd-php-boilerplate/actions/reports/capaian.php on line 60
[26-Jul-2022 11:28:51 Asia/Jakarta] PHP Notice:  Undefined property: stdClass::$target_ in /Volumes/DATA/Projects/Jajan/Pak Ripin/htd-php-boilerplate/actions/reports/capaian.php on line 60
[26-Jul-2022 11:28:51 Asia/Jakarta] PHP Notice:  Trying to access array offset on value of type null in /Volumes/DATA/Projects/Jajan/Pak Ripin/htd-php-boilerplate/actions/reports/capaian.php on line 60
[26-Jul-2022 06:29:13 Europe/Berlin] Hello, errors!
[26-Jul-2022 11:29:14 Asia/Jakarta] PHP Notice:  Undefined property: stdClass::$target_ in /Volumes/DATA/Projects/Jajan/Pak Ripin/htd-php-boilerplate/actions/reports/capaian.php on line 61
[26-Jul-2022 11:29:14 Asia/Jakarta] PHP Notice:  Trying to access array offset on value of type null in /Volumes/DATA/Projects/Jajan/Pak Ripin/htd-php-boilerplate/actions/reports/capaian.php on line 61
[26-Jul-2022 11:29:14 Asia/Jakarta] PHP Notice:  Undefined property: stdClass::$target_ in /Volumes/DATA/Projects/Jajan/Pak Ripin/htd-php-boilerplate/actions/reports/capaian.php on line 61
[26-Jul-2022 11:29:14 Asia/Jakarta] PHP Notice:  Trying to access array offset on value of type null in /Volumes/DATA/Projects/Jajan/Pak Ripin/htd-php-boilerplate/actions/reports/capaian.php on line 61
[26-Jul-2022 11:29:14 Asia/Jakarta] PHP Warning:  Division by zero in /Volumes/DATA/Projects/Jajan/Pak Ripin/htd-php-boilerplate/actions/reports/capaian.php on line 66
[26-Jul-2022 11:29:14 Asia/Jakarta] PHP Notice:  Undefined property: stdClass::$target_ in /Volumes/DATA/Projects/Jajan/Pak Ripin/htd-php-boilerplate/actions/reports/capaian.php on line 61
[26-Jul-2022 11:29:14 Asia/Jakarta] PHP Notice:  Trying to access array offset on value of type null in /Volumes/DATA/Projects/Jajan/Pak Ripin/htd-php-boilerplate/actions/reports/capaian.php on line 61
[26-Jul-2022 11:29:14 Asia/Jakarta] PHP Notice:  Undefined property: stdClass::$target_ in /Volumes/DATA/Projects/Jajan/Pak Ripin/htd-php-boilerplate/actions/reports/capaian.php on line 61
[26-Jul-2022 11:29:14 Asia/Jakarta] PHP Notice:  Trying to access array offset on value of type null in /Volumes/DATA/Projects/Jajan/Pak Ripin/htd-php-boilerplate/actions/reports/capaian.php on line 61
[26-Jul-2022 11:29:14 Asia/Jakarta] PHP Notice:  Undefined property: stdClass::$target_ in /Volumes/DATA/Projects/Jajan/Pak Ripin/htd-php-boilerplate/actions/reports/capaian.php on line 61
[26-Jul-2022 11:29:14 Asia/Jakarta] PHP Notice:  Trying to access array offset on value of type null in /Volumes/DATA/Projects/Jajan/Pak Ripin/htd-php-boilerplate/actions/reports/capaian.php on line 61
[26-Jul-2022 11:29:14 Asia/Jakarta] PHP Notice:  Undefined property: stdClass::$target_ in /Volumes/DATA/Projects/Jajan/Pak Ripin/htd-php-boilerplate/actions/reports/capaian.php on line 61
[26-Jul-2022 11:29:14 Asia/Jakarta] PHP Notice:  Trying to access array offset on value of type null in /Volumes/DATA/Projects/Jajan/Pak Ripin/htd-php-boilerplate/actions/reports/capaian.php on line 61
[26-Jul-2022 11:29:14 Asia/Jakarta] PHP Notice:  Undefined property: stdClass::$target_ in /Volumes/DATA/Projects/Jajan/Pak Ripin/htd-php-boilerplate/actions/reports/capaian.php on line 61
[26-Jul-2022 11:29:14 Asia/Jakarta] PHP Notice:  Trying to access array offset on value of type null in /Volumes/DATA/Projects/Jajan/Pak Ripin/htd-php-boilerplate/actions/reports/capaian.php on line 61
[26-Jul-2022 11:29:14 Asia/Jakarta] PHP Notice:  Undefined property: stdClass::$target_ in /Volumes/DATA/Projects/Jajan/Pak Ripin/htd-php-boilerplate/actions/reports/capaian.php on line 61
[26-Jul-2022 11:29:14 Asia/Jakarta] PHP Notice:  Trying to access array offset on value of type null in /Volumes/DATA/Projects/Jajan/Pak Ripin/htd-php-boilerplate/actions/reports/capaian.php on line 61
[26-Jul-2022 11:29:14 Asia/Jakarta] PHP Notice:  Undefined property: stdClass::$target_ in /Volumes/DATA/Projects/Jajan/Pak Ripin/htd-php-boilerplate/actions/reports/capaian.php on line 61
[26-Jul-2022 11:29:14 Asia/Jakarta] PHP Notice:  Trying to access array offset on value of type null in /Volumes/DATA/Projects/Jajan/Pak Ripin/htd-php-boilerplate/actions/reports/capaian.php on line 61
[26-Jul-2022 11:29:14 Asia/Jakarta] PHP Warning:  Division by zero in /Volumes/DATA/Projects/Jajan/Pak Ripin/htd-php-boilerplate/actions/reports/capaian.php on line 66
[26-Jul-2022 11:29:14 Asia/Jakarta] PHP Notice:  Undefined property: stdClass::$target_ in /Volumes/DATA/Projects/Jajan/Pak Ripin/htd-php-boilerplate/actions/reports/capaian.php on line 61
[26-Jul-2022 11:29:14 Asia/Jakarta] PHP Notice:  Trying to access array offset on value of type null in /Volumes/DATA/Projects/Jajan/Pak Ripin/htd-php-boilerplate/actions/reports/capaian.php on line 61
[26-Jul-2022 11:29:14 Asia/Jakarta] PHP Notice:  Undefined property: stdClass::$target_ in /Volumes/DATA/Projects/Jajan/Pak Ripin/htd-php-boilerplate/actions/reports/capaian.php on line 61
[26-Jul-2022 11:29:14 Asia/Jakarta] PHP Notice:  Trying to access array offset on value of type null in /Volumes/DATA/Projects/Jajan/Pak Ripin/htd-php-boilerplate/actions/reports/capaian.php on line 61
[26-Jul-2022 11:29:14 Asia/Jakarta] PHP Notice:  Undefined property: stdClass::$target_ in /Volumes/DATA/Projects/Jajan/Pak Ripin/htd-php-boilerplate/actions/reports/capaian.php on line 61
[26-Jul-2022 11:29:14 Asia/Jakarta] PHP Notice:  Trying to access array offset on value of type null in /Volumes/DATA/Projects/Jajan/Pak Ripin/htd-php-boilerplate/actions/reports/capaian.php on line 61
[26-Jul-2022 11:29:14 Asia/Jakarta] PHP Notice:  Undefined property: stdClass::$target_ in /Volumes/DATA/Projects/Jajan/Pak Ripin/htd-php-boilerplate/actions/reports/capaian.php on line 61
[26-Jul-2022 11:29:14 Asia/Jakarta] PHP Notice:  Trying to access array offset on value of type null in /Volumes/DATA/Projects/Jajan/Pak Ripin/htd-php-boilerplate/actions/reports/capaian.php on line 61
[26-Jul-2022 11:29:14 Asia/Jakarta] PHP Notice:  Undefined property: stdClass::$target_ in /Volumes/DATA/Projects/Jajan/Pak Ripin/htd-php-boilerplate/actions/reports/capaian.php on line 61
[26-Jul-2022 11:29:14 Asia/Jakarta] PHP Notice:  Trying to access array offset on value of type null in /Volumes/DATA/Projects/Jajan/Pak Ripin/htd-php-boilerplate/actions/reports/capaian.php on line 61
[26-Jul-2022 11:29:14 Asia/Jakarta] PHP Warning:  Division by zero in /Volumes/DATA/Projects/Jajan/Pak Ripin/htd-php-boilerplate/actions/reports/capaian.php on line 66
[26-Jul-2022 11:29:14 Asia/Jakarta] PHP Notice:  Undefined property: stdClass::$target_ in /Volumes/DATA/Projects/Jajan/Pak Ripin/htd-php-boilerplate/actions/reports/capaian.php on line 61
[26-Jul-2022 11:29:14 Asia/Jakarta] PHP Notice:  Trying to access array offset on value of type null in /Volumes/DATA/Projects/Jajan/Pak Ripin/htd-php-boilerplate/actions/reports/capaian.php on line 61
[26-Jul-2022 11:29:14 Asia/Jakarta] PHP Notice:  Undefined property: stdClass::$target_ in /Volumes/DATA/Projects/Jajan/Pak Ripin/htd-php-boilerplate/actions/reports/capaian.php on line 61
[26-Jul-2022 11:29:14 Asia/Jakarta] PHP Notice:  Trying to access array offset on value of type null in /Volumes/DATA/Projects/Jajan/Pak Ripin/htd-php-boilerplate/actions/reports/capaian.php on line 61
[26-Jul-2022 11:29:14 Asia/Jakarta] PHP Notice:  Undefined property: stdClass::$target_ in /Volumes/DATA/Projects/Jajan/Pak Ripin/htd-php-boilerplate/actions/reports/capaian.php on line 61
[26-Jul-2022 11:29:14 Asia/Jakarta] PHP Notice:  Trying to access array offset on value of type null in /Volumes/DATA/Projects/Jajan/Pak Ripin/htd-php-boilerplate/actions/reports/capaian.php on line 61
[26-Jul-2022 11:29:14 Asia/Jakarta] PHP Notice:  Undefined property: stdClass::$target_ in /Volumes/DATA/Projects/Jajan/Pak Ripin/htd-php-boilerplate/actions/reports/capaian.php on line 61
[26-Jul-2022 11:29:14 Asia/Jakarta] PHP Notice:  Trying to access array offset on value of type null in /Volumes/DATA/Projects/Jajan/Pak Ripin/htd-php-boilerplate/actions/reports/capaian.php on line 61
[26-Jul-2022 11:29:14 Asia/Jakarta] PHP Notice:  Undefined property: stdClass::$target_ in /Volumes/DATA/Projects/Jajan/Pak Ripin/htd-php-boilerplate/actions/reports/capaian.php on line 61
[26-Jul-2022 11:29:14 Asia/Jakarta] PHP Notice:  Trying to access array offset on value of type null in /Volumes/DATA/Projects/Jajan/Pak Ripin/htd-php-boilerplate/actions/reports/capaian.php on line 61
[26-Jul-2022 11:29:14 Asia/Jakarta] PHP Notice:  Undefined property: stdClass::$target_ in /Volumes/DATA/Projects/Jajan/Pak Ripin/htd-php-boilerplate/actions/reports/capaian.php on line 61
[26-Jul-2022 11:29:14 Asia/Jakarta] PHP Notice:  Trying to access array offset on value of type null in /Volumes/DATA/Projects/Jajan/Pak Ripin/htd-php-boilerplate/actions/reports/capaian.php on line 61
[26-Jul-2022 11:29:14 Asia/Jakarta] PHP Notice:  Undefined property: stdClass::$target_ in /Volumes/DATA/Projects/Jajan/Pak Ripin/htd-php-boilerplate/actions/reports/capaian.php on line 61
[26-Jul-2022 11:29:14 Asia/Jakarta] PHP Notice:  Trying to access array offset on value of type null in /Volumes/DATA/Projects/Jajan/Pak Ripin/htd-php-boilerplate/actions/reports/capaian.php on line 61
[26-Jul-2022 11:29:14 Asia/Jakarta] PHP Warning:  Division by zero in /Volumes/DATA/Projects/Jajan/Pak Ripin/htd-php-boilerplate/actions/reports/capaian.php on line 66
[26-Jul-2022 11:29:14 Asia/Jakarta] PHP Notice:  Undefined property: stdClass::$target_ in /Volumes/DATA/Projects/Jajan/Pak Ripin/htd-php-boilerplate/actions/reports/capaian.php on line 61
[26-Jul-2022 11:29:14 Asia/Jakarta] PHP Notice:  Trying to access array offset on value of type null in /Volumes/DATA/Projects/Jajan/Pak Ripin/htd-php-boilerplate/actions/reports/capaian.php on line 61
[26-Jul-2022 11:29:14 Asia/Jakarta] PHP Notice:  Undefined property: stdClass::$target_ in /Volumes/DATA/Projects/Jajan/Pak Ripin/htd-php-boilerplate/actions/reports/capaian.php on line 61
[26-Jul-2022 11:29:14 Asia/Jakarta] PHP Notice:  Trying to access array offset on value of type null in /Volumes/DATA/Projects/Jajan/Pak Ripin/htd-php-boilerplate/actions/reports/capaian.php on line 61
[26-Jul-2022 11:29:14 Asia/Jakarta] PHP Notice:  Undefined property: stdClass::$target_ in /Volumes/DATA/Projects/Jajan/Pak Ripin/htd-php-boilerplate/actions/reports/capaian.php on line 61
[26-Jul-2022 11:29:14 Asia/Jakarta] PHP Notice:  Trying to access array offset on value of type null in /Volumes/DATA/Projects/Jajan/Pak Ripin/htd-php-boilerplate/actions/reports/capaian.php on line 61
[26-Jul-2022 11:29:14 Asia/Jakarta] PHP Notice:  Undefined property: stdClass::$target_ in /Volumes/DATA/Projects/Jajan/Pak Ripin/htd-php-boilerplate/actions/reports/capaian.php on line 61
[26-Jul-2022 11:29:14 Asia/Jakarta] PHP Notice:  Trying to access array offset on value of type null in /Volumes/DATA/Projects/Jajan/Pak Ripin/htd-php-boilerplate/actions/reports/capaian.php on line 61
[26-Jul-2022 11:29:14 Asia/Jakarta] PHP Notice:  Undefined property: stdClass::$target_ in /Volumes/DATA/Projects/Jajan/Pak Ripin/htd-php-boilerplate/actions/reports/capaian.php on line 61
[26-Jul-2022 11:29:14 Asia/Jakarta] PHP Notice:  Trying to access array offset on value of type null in /Volumes/DATA/Projects/Jajan/Pak Ripin/htd-php-boilerplate/actions/reports/capaian.php on line 61
[26-Jul-2022 11:29:14 Asia/Jakarta] PHP Warning:  Division by zero in /Volumes/DATA/Projects/Jajan/Pak Ripin/htd-php-boilerplate/actions/reports/capaian.php on line 66
[26-Jul-2022 11:29:14 Asia/Jakarta] PHP Notice:  Undefined property: stdClass::$target_ in /Volumes/DATA/Projects/Jajan/Pak Ripin/htd-php-boilerplate/actions/reports/capaian.php on line 61
[26-Jul-2022 11:29:14 Asia/Jakarta] PHP Notice:  Trying to access array offset on value of type null in /Volumes/DATA/Projects/Jajan/Pak Ripin/htd-php-boilerplate/actions/reports/capaian.php on line 61
[26-Jul-2022 11:29:14 Asia/Jakarta] PHP Notice:  Undefined property: stdClass::$target_ in /Volumes/DATA/Projects/Jajan/Pak Ripin/htd-php-boilerplate/actions/reports/capaian.php on line 61
[26-Jul-2022 11:29:14 Asia/Jakarta] PHP Notice:  Trying to access array offset on value of type null in /Volumes/DATA/Projects/Jajan/Pak Ripin/htd-php-boilerplate/actions/reports/capaian.php on line 61
[26-Jul-2022 11:29:14 Asia/Jakarta] PHP Notice:  Undefined property: stdClass::$target_ in /Volumes/DATA/Projects/Jajan/Pak Ripin/htd-php-boilerplate/actions/reports/capaian.php on line 61
[26-Jul-2022 11:29:14 Asia/Jakarta] PHP Notice:  Trying to access array offset on value of type null in /Volumes/DATA/Projects/Jajan/Pak Ripin/htd-php-boilerplate/actions/reports/capaian.php on line 61
[26-Jul-2022 11:29:14 Asia/Jakarta] PHP Notice:  Undefined property: stdClass::$target_ in /Volumes/DATA/Projects/Jajan/Pak Ripin/htd-php-boilerplate/actions/reports/capaian.php on line 61
[26-Jul-2022 11:29:14 Asia/Jakarta] PHP Notice:  Trying to access array offset on value of type null in /Volumes/DATA/Projects/Jajan/Pak Ripin/htd-php-boilerplate/actions/reports/capaian.php on line 61
[26-Jul-2022 11:29:14 Asia/Jakarta] PHP Notice:  Undefined property: stdClass::$target_ in /Volumes/DATA/Projects/Jajan/Pak Ripin/htd-php-boilerplate/actions/reports/capaian.php on line 61
[26-Jul-2022 11:29:14 Asia/Jakarta] PHP Notice:  Trying to access array offset on value of type null in /Volumes/DATA/Projects/Jajan/Pak Ripin/htd-php-boilerplate/actions/reports/capaian.php on line 61
[26-Jul-2022 11:29:14 Asia/Jakarta] PHP Notice:  Undefined property: stdClass::$target_ in /Volumes/DATA/Projects/Jajan/Pak Ripin/htd-php-boilerplate/actions/reports/capaian.php on line 61
[26-Jul-2022 11:29:14 Asia/Jakarta] PHP Notice:  Trying to access array offset on value of type null in /Volumes/DATA/Projects/Jajan/Pak Ripin/htd-php-boilerplate/actions/reports/capaian.php on line 61
[26-Jul-2022 11:29:14 Asia/Jakarta] PHP Warning:  Division by zero in /Volumes/DATA/Projects/Jajan/Pak Ripin/htd-php-boilerplate/actions/reports/capaian.php on line 66
[26-Jul-2022 11:29:14 Asia/Jakarta] PHP Notice:  Undefined property: stdClass::$target_ in /Volumes/DATA/Projects/Jajan/Pak Ripin/htd-php-boilerplate/actions/reports/capaian.php on line 61
[26-Jul-2022 11:29:14 Asia/Jakarta] PHP Notice:  Trying to access array offset on value of type null in /Volumes/DATA/Projects/Jajan/Pak Ripin/htd-php-boilerplate/actions/reports/capaian.php on line 61
[26-Jul-2022 11:29:14 Asia/Jakarta] PHP Notice:  Undefined property: stdClass::$target_ in /Volumes/DATA/Projects/Jajan/Pak Ripin/htd-php-boilerplate/actions/reports/capaian.php on line 61
[26-Jul-2022 11:29:14 Asia/Jakarta] PHP Notice:  Trying to access array offset on value of type null in /Volumes/DATA/Projects/Jajan/Pak Ripin/htd-php-boilerplate/actions/reports/capaian.php on line 61
[26-Jul-2022 11:29:14 Asia/Jakarta] PHP Notice:  Undefined property: stdClass::$target_ in /Volumes/DATA/Projects/Jajan/Pak Ripin/htd-php-boilerplate/actions/reports/capaian.php on line 61
[26-Jul-2022 11:29:14 Asia/Jakarta] PHP Notice:  Trying to access array offset on value of type null in /Volumes/DATA/Projects/Jajan/Pak Ripin/htd-php-boilerplate/actions/reports/capaian.php on line 61
[26-Jul-2022 11:29:14 Asia/Jakarta] PHP Notice:  Undefined property: stdClass::$target_ in /Volumes/DATA/Projects/Jajan/Pak Ripin/htd-php-boilerplate/actions/reports/capaian.php on line 61
[26-Jul-2022 11:29:14 Asia/Jakarta] PHP Notice:  Trying to access array offset on value of type null in /Volumes/DATA/Projects/Jajan/Pak Ripin/htd-php-boilerplate/actions/reports/capaian.php on line 61
[26-Jul-2022 06:29:37 Europe/Berlin] Hello, errors!
[26-Jul-2022 11:29:38 Asia/Jakarta] PHP Warning:  A non-numeric value encountered in /Volumes/DATA/Projects/Jajan/Pak Ripin/htd-php-boilerplate/actions/reports/capaian.php on line 66
[26-Jul-2022 11:29:38 Asia/Jakarta] PHP Warning:  Division by zero in /Volumes/DATA/Projects/Jajan/Pak Ripin/htd-php-boilerplate/actions/reports/capaian.php on line 66
[26-Jul-2022 06:29:56 Europe/Berlin] Hello, errors!
[26-Jul-2022 11:29:57 Asia/Jakarta] PHP Warning:  A non-numeric value encountered in /Volumes/DATA/Projects/Jajan/Pak Ripin/htd-php-boilerplate/actions/reports/capaian.php on line 66
[26-Jul-2022 11:29:57 Asia/Jakarta] PHP Warning:  Division by zero in /Volumes/DATA/Projects/Jajan/Pak Ripin/htd-php-boilerplate/actions/reports/capaian.php on line 66
[26-Jul-2022 06:30:25 Europe/Berlin] Hello, errors!
[26-Jul-2022 11:30:25 Asia/Jakarta] PHP Warning:  A non-numeric value encountered in /Volumes/DATA/Projects/Jajan/Pak Ripin/htd-php-boilerplate/actions/reports/capaian.php on line 67
[26-Jul-2022 11:30:25 Asia/Jakarta] PHP Warning:  Division by zero in /Volumes/DATA/Projects/Jajan/Pak Ripin/htd-php-boilerplate/actions/reports/capaian.php on line 67
[26-Jul-2022 06:30:56 Europe/Berlin] Hello, errors!
[26-Jul-2022 11:30:56 Asia/Jakarta] PHP Notice:  Undefined property: stdClass::$targe_ in /Volumes/DATA/Projects/Jajan/Pak Ripin/htd-php-boilerplate/actions/reports/capaian.php on line 67
[26-Jul-2022 11:30:56 Asia/Jakarta] PHP Notice:  Trying to access array offset on value of type null in /Volumes/DATA/Projects/Jajan/Pak Ripin/htd-php-boilerplate/actions/reports/capaian.php on line 67
[26-Jul-2022 11:30:57 Asia/Jakarta] PHP Notice:  Undefined property: stdClass::$targe_ in /Volumes/DATA/Projects/Jajan/Pak Ripin/htd-php-boilerplate/actions/reports/capaian.php on line 67
[26-Jul-2022 11:30:57 Asia/Jakarta] PHP Notice:  Trying to access array offset on value of type null in /Volumes/DATA/Projects/Jajan/Pak Ripin/htd-php-boilerplate/actions/reports/capaian.php on line 67
[26-Jul-2022 11:30:57 Asia/Jakarta] PHP Notice:  Undefined property: stdClass::$targe_ in /Volumes/DATA/Projects/Jajan/Pak Ripin/htd-php-boilerplate/actions/reports/capaian.php on line 67
[26-Jul-2022 11:30:57 Asia/Jakarta] PHP Notice:  Trying to access array offset on value of type null in /Volumes/DATA/Projects/Jajan/Pak Ripin/htd-php-boilerplate/actions/reports/capaian.php on line 67
[26-Jul-2022 11:30:57 Asia/Jakarta] PHP Notice:  Undefined property: stdClass::$targe_ in /Volumes/DATA/Projects/Jajan/Pak Ripin/htd-php-boilerplate/actions/reports/capaian.php on line 67
[26-Jul-2022 11:30:57 Asia/Jakarta] PHP Notice:  Trying to access array offset on value of type null in /Volumes/DATA/Projects/Jajan/Pak Ripin/htd-php-boilerplate/actions/reports/capaian.php on line 67
[26-Jul-2022 11:30:57 Asia/Jakarta] PHP Notice:  Undefined property: stdClass::$targe_ in /Volumes/DATA/Projects/Jajan/Pak Ripin/htd-php-boilerplate/actions/reports/capaian.php on line 67
[26-Jul-2022 11:30:57 Asia/Jakarta] PHP Notice:  Trying to access array offset on value of type null in /Volumes/DATA/Projects/Jajan/Pak Ripin/htd-php-boilerplate/actions/reports/capaian.php on line 67
[26-Jul-2022 11:30:57 Asia/Jakarta] PHP Notice:  Undefined property: stdClass::$targe_ in /Volumes/DATA/Projects/Jajan/Pak Ripin/htd-php-boilerplate/actions/reports/capaian.php on line 67
[26-Jul-2022 11:30:57 Asia/Jakarta] PHP Notice:  Trying to access array offset on value of type null in /Volumes/DATA/Projects/Jajan/Pak Ripin/htd-php-boilerplate/actions/reports/capaian.php on line 67
[26-Jul-2022 06:31:12 Europe/Berlin] Hello, errors!
